[ 2019-11-21T18:07:09+08:00 ] 113.247.138.45 /wxshare/index.php/Share/show?roomnum=1015
INFO: [ app_init ] --START--
INFO: Run Behavior\BuildLiteBehavior [ RunTime:0.000025s ]
INFO: [ app_init ] --END-- [ RunTime:0.000153s ]
INFO: [ app_begin ] --START--
INFO: Run Behavior\ReadHtmlCacheBehavior [ RunTime:0.003404s ]
INFO: [ app_begin ] --END-- [ RunTime:0.003676s ]
NOTIC: [2048] Declaration of Home\Controller\ShareController::show() should be compatible with Think\Controller::show($content, $charset = '', $contentType = '', $prefix = '') /www/wwwroot/live.yishism.com/wxshare/Application/Home/Controller/ShareController.class.php 第 639 行.
SQL: SHOW COLUMNS FROM `cmf_users_live` [ RunTime:0.0079s ]
SQL: SHOW COLUMNS FROM `cmf_users` [ RunTime:0.0101s ]
SQL: SELECT `id`,`user_nicename`,`avatar`,`avatar_thumb`,`sex`,`signature`,`consumption`,`votestotal`,`province`,`city`,`birthday`,`issuper` FROM `cmf_users` WHERE ( id='1015' ) LIMIT 1   [ RunTime:0.0017s ]
NOTIC: [8] Undefined variable: level_a /www/wwwroot/live.yishism.com/wxshare/Application/Common/Common/function.php 第 214 行.
SQL: SHOW COLUMNS FROM `cmf_users_vip` [ RunTime:0.0171s ]
SQL: SELECT * FROM `cmf_users_vip` WHERE ( uid=1015 and endtime>1574330829 ) LIMIT 1   [ RunTime:0.0009s ]
SQL: SHOW COLUMNS FROM `cmf_liang` [ RunTime:0.0050s ]
SQL: SELECT * FROM `cmf_liang` WHERE ( uid=1015 and status=1 and state=1 ) LIMIT 1   [ RunTime:0.0043s ]
SQL: SELECT `uid`,`islive`,`stream`,`pull`,`isvideo`,`type`,`goodnum`,`wy_cid` FROM `cmf_users_live` WHERE ( uid='1015' and islive='1' ) LIMIT 1   [ RunTime:0.0016s ]
NOTIC: [8] Undefined variable: userinfo /www/wwwroot/live.yishism.com/wxshare/Application/Home/Controller/ShareController.class.php 第 96 行.
NOTIC: [8] Undefined variable: userinfo /www/wwwroot/live.yishism.com/wxshare/Application/Home/Controller/ShareController.class.php 第 97 行.
INFO: [ view_parse ] --START--
INFO: [ template_filter ] --START--
INFO: Run Behavior\ContentReplaceBehavior [ RunTime:0.000158s ]
INFO: [ template_filter ] --END-- [ RunTime:0.000349s ]
INFO: Run Behavior\ParseTemplateBehavior [ RunTime:0.062283s ]
INFO: [ view_parse ] --END-- [ RunTime:0.062423s ]
INFO: [ view_filter ] --START--
INFO: Run Behavior\WriteHtmlCacheBehavior [ RunTime:0.002048s ]
INFO: [ view_filter ] --END-- [ RunTime:0.002333s ]
INFO: [ app_end ] --START--
INFO: Run Behavior\ShowPageTraceBehavior [ RunTime:0.007769s ]
INFO: [ app_end ] --END-- [ RunTime:0.007901s ]

[ 2019-11-21T18:07:13+08:00 ] 113.247.138.45 /wxshare/index.php/Share/show?roomnum=1015
INFO: [ app_init ] --START--
INFO: Run Behavior\BuildLiteBehavior [ RunTime:0.000025s ]
INFO: [ app_init ] --END-- [ RunTime:0.000112s ]
INFO: [ app_begin ] --START--
INFO: Run Behavior\ReadHtmlCacheBehavior [ RunTime:0.000625s ]
INFO: [ app_begin ] --END-- [ RunTime:0.000696s ]
NOTIC: [2048] Declaration of Home\Controller\ShareController::show() should be compatible with Think\Controller::show($content, $charset = '', $contentType = '', $prefix = '') /www/wwwroot/live.yishism.com/wxshare/Application/Home/Controller/ShareController.class.php 第 639 行.
SQL: SHOW COLUMNS FROM `cmf_users_live` [ RunTime:0.0050s ]
SQL: SHOW COLUMNS FROM `cmf_users` [ RunTime:0.0047s ]
SQL: SELECT `id`,`user_nicename`,`avatar`,`avatar_thumb`,`sex`,`signature`,`consumption`,`votestotal`,`province`,`city`,`birthday`,`issuper` FROM `cmf_users` WHERE ( id='1015' ) LIMIT 1   [ RunTime:0.0007s ]
NOTIC: [8] Undefined variable: level_a /www/wwwroot/live.yishism.com/wxshare/Application/Common/Common/function.php 第 214 行.
SQL: SHOW COLUMNS FROM `cmf_users_vip` [ RunTime:0.0023s ]
SQL: SELECT * FROM `cmf_users_vip` WHERE ( uid=1015 and endtime>1574330833 ) LIMIT 1   [ RunTime:0.0008s ]
SQL: SHOW COLUMNS FROM `cmf_liang` [ RunTime:0.0029s ]
SQL: SELECT * FROM `cmf_liang` WHERE ( uid=1015 and status=1 and state=1 ) LIMIT 1   [ RunTime:0.0009s ]
SQL: SELECT `uid`,`islive`,`stream`,`pull`,`isvideo`,`type`,`goodnum`,`wy_cid` FROM `cmf_users_live` WHERE ( uid='1015' and islive='1' ) LIMIT 1   [ RunTime:0.0047s ]
NOTIC: [8] Undefined variable: userinfo /www/wwwroot/live.yishism.com/wxshare/Application/Home/Controller/ShareController.class.php 第 96 行.
NOTIC: [8] Undefined variable: userinfo /www/wwwroot/live.yishism.com/wxshare/Application/Home/Controller/ShareController.class.php 第 97 行.
INFO: [ view_parse ] --START--
INFO: [ template_filter ] --START--
INFO: Run Behavior\ContentReplaceBehavior [ RunTime:0.000124s ]
INFO: [ template_filter ] --END-- [ RunTime:0.000266s ]
INFO: Run Behavior\ParseTemplateBehavior [ RunTime:0.019043s ]
INFO: [ view_parse ] --END-- [ RunTime:0.019475s ]
INFO: [ view_filter ] --START--
INFO: Run Behavior\WriteHtmlCacheBehavior [ RunTime:0.000233s ]
INFO: [ view_filter ] --END-- [ RunTime:0.000293s ]
INFO: [ app_end ] --START--
INFO: Run Behavior\ShowPageTraceBehavior [ RunTime:0.000428s ]
INFO: [ app_end ] --END-- [ RunTime:0.000469s ]

[ 2019-11-21T18:07:16+08:00 ] 113.247.138.45 /wxshare/index.php/Share/setNodeInfo?liveuid=1015
INFO: [ app_init ] --START--
INFO: Run Behavior\BuildLiteBehavior [ RunTime:0.000023s ]
INFO: [ app_init ] --END-- [ RunTime:0.000104s ]
INFO: [ app_begin ] --START--
INFO: Run Behavior\ReadHtmlCacheBehavior [ RunTime:0.000434s ]
INFO: [ app_begin ] --END-- [ RunTime:0.000476s ]
NOTIC: [2048] Declaration of Home\Controller\ShareController::show() should be compatible with Think\Controller::show($content, $charset = '', $contentType = '', $prefix = '') /www/wwwroot/live.yishism.com/wxshare/Application/Home/Controller/ShareController.class.php 第 639 行.
INFO: [ app_end ] --START--
INFO: Run Behavior\ShowPageTraceBehavior [ RunTime:0.000979s ]
INFO: [ app_end ] --END-- [ RunTime:0.001107s ]

[ 2019-11-21T18:07:18+08:00 ] 113.247.138.45 /wxshare/index.php/Share/index
INFO: [ app_init ] --START--
INFO: Run Behavior\BuildLiteBehavior [ RunTime:0.000039s ]
INFO: [ app_init ] --END-- [ RunTime:0.000125s ]
INFO: [ app_begin ] --START--
INFO: Run Behavior\ReadHtmlCacheBehavior [ RunTime:0.000638s ]
INFO: [ app_begin ] --END-- [ RunTime:0.000698s ]
NOTIC: [2048] Declaration of Home\Controller\ShareController::show() should be compatible with Think\Controller::show($content, $charset = '', $contentType = '', $prefix = '') /www/wwwroot/live.yishism.com/wxshare/Application/Home/Controller/ShareController.class.php 第 639 行.
SQL: select uid,title,city,stream,pull,thumb from cmf_users_live  where islive= '1'  order by isrecommend desc,starttime desc limit 0,20 [ RunTime:0.0028s ]
SQL: SHOW COLUMNS FROM `cmf_users` [ RunTime:0.0041s ]
SQL: SELECT `id`,`user_nicename`,`avatar`,`avatar_thumb`,`sex`,`signature`,`consumption`,`votestotal`,`province`,`city`,`birthday`,`issuper` FROM `cmf_users` WHERE ( id='1015' ) LIMIT 1   [ RunTime:0.0007s ]
NOTIC: [8] Undefined variable: level_a /www/wwwroot/live.yishism.com/wxshare/Application/Common/Common/function.php 第 214 行.
SQL: SHOW COLUMNS FROM `cmf_users_vip` [ RunTime:0.0046s ]
SQL: SELECT * FROM `cmf_users_vip` WHERE ( uid=1015 and endtime>1574330838 ) LIMIT 1   [ RunTime:0.0020s ]
SQL: SHOW COLUMNS FROM `cmf_liang` [ RunTime:0.0037s ]
SQL: SELECT * FROM `cmf_liang` WHERE ( uid=1015 and status=1 and state=1 ) LIMIT 1   [ RunTime:0.0005s ]
SQL: SELECT `id`,`user_nicename`,`avatar`,`avatar_thumb`,`sex`,`signature`,`consumption`,`votestotal`,`province`,`city`,`birthday`,`issuper` FROM `cmf_users` WHERE ( id='1014' ) LIMIT 1   [ RunTime:0.0004s ]
NOTIC: [8] Undefined variable: level_a /www/wwwroot/live.yishism.com/wxshare/Application/Common/Common/function.php 第 214 行.
SQL: SELECT * FROM `cmf_users_vip` WHERE ( uid=1014 and endtime>1574330838 ) LIMIT 1   [ RunTime:0.0004s ]
SQL: SELECT * FROM `cmf_liang` WHERE ( uid=1014 and status=1 and state=1 ) LIMIT 1   [ RunTime:0.0002s ]
SQL: SELECT `id`,`user_nicename`,`avatar`,`avatar_thumb`,`sex`,`signature`,`consumption`,`votestotal`,`province`,`city`,`birthday`,`issuper` FROM `cmf_users` WHERE ( id='1049' ) LIMIT 1   [ RunTime:0.0002s ]
NOTIC: [8] Undefined variable: level_a /www/wwwroot/live.yishism.com/wxshare/Application/Common/Common/function.php 第 214 行.
NOTIC: [8] Undefined variable: level_a /www/wwwroot/live.yishism.com/wxshare/Application/Common/Common/function.php 第 245 行.
SQL: SELECT * FROM `cmf_users_vip` WHERE ( uid=1049 and endtime>1574330838 ) LIMIT 1   [ RunTime:0.0002s ]
SQL: SELECT * FROM `cmf_liang` WHERE ( uid=1049 and status=1 and state=1 ) LIMIT 1   [ RunTime:0.0002s ]
SQL: SELECT `id`,`user_nicename`,`avatar`,`avatar_thumb`,`sex`,`signature`,`consumption`,`votestotal`,`province`,`city`,`birthday`,`issuper` FROM `cmf_users` WHERE ( id='1048' ) LIMIT 1   [ RunTime:0.0002s ]
NOTIC: [8] Undefined variable: level_a /www/wwwroot/live.yishism.com/wxshare/Application/Common/Common/function.php 第 214 行.
NOTIC: [8] Undefined variable: level_a /www/wwwroot/live.yishism.com/wxshare/Application/Common/Common/function.php 第 245 行.
SQL: SELECT * FROM `cmf_users_vip` WHERE ( uid=1048 and endtime>1574330838 ) LIMIT 1   [ RunTime:0.0003s ]
SQL: SELECT * FROM `cmf_liang` WHERE ( uid=1048 and status=1 and state=1 ) LIMIT 1   [ RunTime:0.0003s ]
SQL: SELECT `id`,`user_nicename`,`avatar`,`avatar_thumb`,`sex`,`signature`,`consumption`,`votestotal`,`province`,`city`,`birthday`,`issuper` FROM `cmf_users` WHERE ( id='1047' ) LIMIT 1   [ RunTime:0.0004s ]
NOTIC: [8] Undefined variable: level_a /www/wwwroot/live.yishism.com/wxshare/Application/Common/Common/function.php 第 214 行.
SQL: SELECT * FROM `cmf_users_vip` WHERE ( uid=1047 and endtime>1574330838 ) LIMIT 1   [ RunTime:0.0004s ]
SQL: SELECT * FROM `cmf_liang` WHERE ( uid=1047 and status=1 and state=1 ) LIMIT 1   [ RunTime:0.0003s ]
SQL: SELECT `id`,`user_nicename`,`avatar`,`avatar_thumb`,`sex`,`signature`,`consumption`,`votestotal`,`province`,`city`,`birthday`,`issuper` FROM `cmf_users` WHERE ( id='1046' ) LIMIT 1   [ RunTime:0.0004s ]
NOTIC: [8] Undefined variable: level_a /www/wwwroot/live.yishism.com/wxshare/Application/Common/Common/function.php 第 214 行.
SQL: SELECT * FROM `cmf_users_vip` WHERE ( uid=1046 and endtime>1574330838 ) LIMIT 1   [ RunTime:0.0005s ]
SQL: SELECT * FROM `cmf_liang` WHERE ( uid=1046 and status=1 and state=1 ) LIMIT 1   [ RunTime:0.0026s ]
SQL: SELECT `id`,`user_nicename`,`avatar`,`avatar_thumb`,`sex`,`signature`,`consumption`,`votestotal`,`province`,`city`,`birthday`,`issuper` FROM `cmf_users` WHERE ( id='1045' ) LIMIT 1   [ RunTime:0.0005s ]
NOTIC: [8] Undefined variable: level_a /www/wwwroot/live.yishism.com/wxshare/Application/Common/Common/function.php 第 214 行.
SQL: SELECT * FROM `cmf_users_vip` WHERE ( uid=1045 and endtime>1574330838 ) LIMIT 1   [ RunTime:0.0005s ]
SQL: SELECT * FROM `cmf_liang` WHERE ( uid=1045 and status=1 and state=1 ) LIMIT 1   [ RunTime:0.0003s ]
SQL: SELECT `id`,`user_nicename`,`avatar`,`avatar_thumb`,`sex`,`signature`,`consumption`,`votestotal`,`province`,`city`,`birthday`,`issuper` FROM `cmf_users` WHERE ( id='1044' ) LIMIT 1   [ RunTime:0.0003s ]
NOTIC: [8] Undefined variable: level_a /www/wwwroot/live.yishism.com/wxshare/Application/Common/Common/function.php 第 214 行.
SQL: SELECT * FROM `cmf_users_vip` WHERE ( uid=1044 and endtime>1574330838 ) LIMIT 1   [ RunTime:0.0003s ]
SQL: SELECT * FROM `cmf_liang` WHERE ( uid=1044 and status=1 and state=1 ) LIMIT 1   [ RunTime:0.0003s ]
SQL: SELECT `id`,`user_nicename`,`avatar`,`avatar_thumb`,`sex`,`signature`,`consumption`,`votestotal`,`province`,`city`,`birthday`,`issuper` FROM `cmf_users` WHERE ( id='1043' ) LIMIT 1   [ RunTime:0.0004s ]
NOTIC: [8] Undefined variable: level_a /www/wwwroot/live.yishism.com/wxshare/Application/Common/Common/function.php 第 214 行.
SQL: SELECT * FROM `cmf_users_vip` WHERE ( uid=1043 and endtime>1574330838 ) LIMIT 1   [ RunTime:0.0004s ]
SQL: SELECT * FROM `cmf_liang` WHERE ( uid=1043 and status=1 and state=1 ) LIMIT 1   [ RunTime:0.0003s ]
SQL: SELECT `id`,`user_nicename`,`avatar`,`avatar_thumb`,`sex`,`signature`,`consumption`,`votestotal`,`province`,`city`,`birthday`,`issuper` FROM `cmf_users` WHERE ( id='1042' ) LIMIT 1   [ RunTime:0.0033s ]
NOTIC: [8] Undefined variable: level_a /www/wwwroot/live.yishism.com/wxshare/Application/Common/Common/function.php 第 214 行.
NOTIC: [8] Undefined variable: level_a /www/wwwroot/live.yishism.com/wxshare/Application/Common/Common/function.php 第 245 行.
SQL: SELECT * FROM `cmf_users_vip` WHERE ( uid=1042 and endtime>1574330838 ) LIMIT 1   [ RunTime:0.0010s ]
SQL: SELECT * FROM `cmf_liang` WHERE ( uid=1042 and status=1 and state=1 ) LIMIT 1   [ RunTime:0.0007s ]
SQL: SELECT `id`,`user_nicename`,`avatar`,`avatar_thumb`,`sex`,`signature`,`consumption`,`votestotal`,`province`,`city`,`birthday`,`issuper` FROM `cmf_users` WHERE ( id='1013' ) LIMIT 1   [ RunTime:0.0004s ]
NOTIC: [8] Undefined variable: level_a /www/wwwroot/live.yishism.com/wxshare/Application/Common/Common/function.php 第 214 行.
SQL: SELECT * FROM `cmf_users_vip` WHERE ( uid=1013 and endtime>1574330838 ) LIMIT 1   [ RunTime:0.0004s ]
SQL: SELECT * FROM `cmf_liang` WHERE ( uid=1013 and status=1 and state=1 ) LIMIT 1   [ RunTime:0.0003s ]
SQL: SELECT `id`,`user_nicename`,`avatar`,`avatar_thumb`,`sex`,`signature`,`consumption`,`votestotal`,`province`,`city`,`birthday`,`issuper` FROM `cmf_users` WHERE ( id='1012' ) LIMIT 1   [ RunTime:0.0005s ]
NOTIC: [8] Undefined variable: level_a /www/wwwroot/live.yishism.com/wxshare/Application/Common/Common/function.php 第 214 行.
SQL: SELECT * FROM `cmf_users_vip` WHERE ( uid=1012 and endtime>1574330838 ) LIMIT 1   [ RunTime:0.0005s ]
SQL: SELECT * FROM `cmf_liang` WHERE ( uid=1012 and status=1 and state=1 ) LIMIT 1   [ RunTime:0.0002s ]
SQL: SELECT `id`,`user_nicename`,`avatar`,`avatar_thumb`,`sex`,`signature`,`consumption`,`votestotal`,`province`,`city`,`birthday`,`issuper` FROM `cmf_users` WHERE ( id='7' ) LIMIT 1   [ RunTime:0.0004s ]
NOTIC: [8] Undefined variable: level_a /www/wwwroot/live.yishism.com/wxshare/Application/Common/Common/function.php 第 214 行.
SQL: SELECT * FROM `cmf_users_vip` WHERE ( uid=7 and endtime>1574330838 ) LIMIT 1   [ RunTime:0.0003s ]
SQL: SELECT * FROM `cmf_liang` WHERE ( uid=7 and status=1 and state=1 ) LIMIT 1   [ RunTime:0.0003s ]
SQL: SELECT `id`,`user_nicename`,`avatar`,`avatar_thumb`,`sex`,`signature`,`consumption`,`votestotal`,`province`,`city`,`birthday`,`issuper` FROM `cmf_users` WHERE ( id='6' ) LIMIT 1   [ RunTime:0.0003s ]
NOTIC: [8] Undefined variable: level_a /www/wwwroot/live.yishism.com/wxshare/Application/Common/Common/function.php 第 214 行.
SQL: SELECT * FROM `cmf_users_vip` WHERE ( uid=6 and endtime>1574330838 ) LIMIT 1   [ RunTime:0.0004s ]
SQL: SELECT * FROM `cmf_liang` WHERE ( uid=6 and status=1 and state=1 ) LIMIT 1   [ RunTime:0.0003s ]
SQL: SELECT `id`,`user_nicename`,`avatar`,`avatar_thumb`,`sex`,`signature`,`consumption`,`votestotal`,`province`,`city`,`birthday`,`issuper` FROM `cmf_users` WHERE ( id='5' ) LIMIT 1   [ RunTime:0.0003s ]
NOTIC: [8] Undefined variable: level_a /www/wwwroot/live.yishism.com/wxshare/Application/Common/Common/function.php 第 214 行.
SQL: SELECT * FROM `cmf_users_vip` WHERE ( uid=5 and endtime>1574330838 ) LIMIT 1   [ RunTime:0.0004s ]
SQL: SELECT * FROM `cmf_liang` WHERE ( uid=5 and status=1 and state=1 ) LIMIT 1   [ RunTime:0.0004s ]
SQL: SELECT `id`,`user_nicename`,`avatar`,`avatar_thumb`,`sex`,`signature`,`consumption`,`votestotal`,`province`,`city`,`birthday`,`issuper` FROM `cmf_users` WHERE ( id='4' ) LIMIT 1   [ RunTime:0.0006s ]
NOTIC: [8] Undefined variable: level_a /www/wwwroot/live.yishism.com/wxshare/Application/Common/Common/function.php 第 214 行.
SQL: SELECT * FROM `cmf_users_vip` WHERE ( uid=4 and endtime>1574330838 ) LIMIT 1   [ RunTime:0.0005s ]
SQL: SELECT * FROM `cmf_liang` WHERE ( uid=4 and status=1 and state=1 ) LIMIT 1   [ RunTime:0.0003s ]
SQL: SELECT `id`,`user_nicename`,`avatar`,`avatar_thumb`,`sex`,`signature`,`consumption`,`votestotal`,`province`,`city`,`birthday`,`issuper` FROM `cmf_users` WHERE ( id='3' ) LIMIT 1   [ RunTime:0.0003s ]
NOTIC: [8] Undefined variable: level_a /www/wwwroot/live.yishism.com/wxshare/Application/Common/Common/function.php 第 214 行.
SQL: SELECT * FROM `cmf_users_vip` WHERE ( uid=3 and endtime>1574330838 ) LIMIT 1   [ RunTime:0.0002s ]
SQL: SELECT * FROM `cmf_liang` WHERE ( uid=3 and status=1 and state=1 ) LIMIT 1   [ RunTime:0.0002s ]
SQL: SELECT `id`,`user_nicename`,`avatar`,`avatar_thumb`,`sex`,`signature`,`consumption`,`votestotal`,`province`,`city`,`birthday`,`issuper` FROM `cmf_users` WHERE ( id='2' ) LIMIT 1   [ RunTime:0.0002s ]
NOTIC: [8] Undefined variable: level_a /www/wwwroot/live.yishism.com/wxshare/Application/Common/Common/function.php 第 214 行.
SQL: SELECT * FROM `cmf_users_vip` WHERE ( uid=2 and endtime>1574330838 ) LIMIT 1   [ RunTime:0.0002s ]
SQL: SELECT * FROM `cmf_liang` WHERE ( uid=2 and status=1 and state=1 ) LIMIT 1   [ RunTime:0.0004s ]
INFO: [ view_parse ] --START--
INFO: [ template_filter ] --START--
INFO: Run Behavior\ContentReplaceBehavior [ RunTime:0.000059s ]
INFO: [ template_filter ] --END-- [ RunTime:0.000343s ]
INFO: Run Behavior\ParseTemplateBehavior [ RunTime:0.016158s ]
INFO: [ view_parse ] --END-- [ RunTime:0.016226s ]
INFO: [ view_filter ] --START--
INFO: Run Behavior\WriteHtmlCacheBehavior [ RunTime:0.000335s ]
INFO: [ view_filter ] --END-- [ RunTime:0.000423s ]
INFO: [ app_end ] --START--
INFO: Run Behavior\ShowPageTraceBehavior [ RunTime:0.000507s ]
INFO: [ app_end ] --END-- [ RunTime:0.000557s ]

[ 2019-11-21T18:07:19+08:00 ] 113.247.138.45 /wxshare/index.php/Share/show?roomnum=1044
INFO: [ app_init ] --START--
INFO: Run Behavior\BuildLiteBehavior [ RunTime:0.000089s ]
INFO: [ app_init ] --END-- [ RunTime:0.000158s ]
INFO: [ app_begin ] --START--
INFO: Run Behavior\ReadHtmlCacheBehavior [ RunTime:0.000661s ]
INFO: [ app_begin ] --END-- [ RunTime:0.000741s ]
NOTIC: [2048] Declaration of Home\Controller\ShareController::show() should be compatible with Think\Controller::show($content, $charset = '', $contentType = '', $prefix = '') /www/wwwroot/live.yishism.com/wxshare/Application/Home/Controller/ShareController.class.php 第 639 行.
SQL: SHOW COLUMNS FROM `cmf_users_live` [ RunTime:0.0027s ]
SQL: SHOW COLUMNS FROM `cmf_users` [ RunTime:0.0034s ]
SQL: SELECT `id`,`user_nicename`,`avatar`,`avatar_thumb`,`sex`,`signature`,`consumption`,`votestotal`,`province`,`city`,`birthday`,`issuper` FROM `cmf_users` WHERE ( id='1044' ) LIMIT 1   [ RunTime:0.0012s ]
NOTIC: [8] Undefined variable: level_a /www/wwwroot/live.yishism.com/wxshare/Application/Common/Common/function.php 第 214 行.
SQL: SHOW COLUMNS FROM `cmf_users_vip` [ RunTime:0.0030s ]
SQL: SELECT * FROM `cmf_users_vip` WHERE ( uid=1044 and endtime>1574330839 ) LIMIT 1   [ RunTime:0.0009s ]
SQL: SHOW COLUMNS FROM `cmf_liang` [ RunTime:0.0041s ]
SQL: SELECT * FROM `cmf_liang` WHERE ( uid=1044 and status=1 and state=1 ) LIMIT 1   [ RunTime:0.0013s ]
SQL: SELECT `uid`,`islive`,`stream`,`pull`,`isvideo`,`type`,`goodnum`,`wy_cid` FROM `cmf_users_live` WHERE ( uid='1044' and islive='1' ) LIMIT 1   [ RunTime:0.0009s ]
NOTIC: [8] Undefined variable: userinfo /www/wwwroot/live.yishism.com/wxshare/Application/Home/Controller/ShareController.class.php 第 96 行.
NOTIC: [8] Undefined variable: userinfo /www/wwwroot/live.yishism.com/wxshare/Application/Home/Controller/ShareController.class.php 第 97 行.
INFO: [ view_parse ] --START--
INFO: [ template_filter ] --START--
INFO: Run Behavior\ContentReplaceBehavior [ RunTime:0.000157s ]
INFO: [ template_filter ] --END-- [ RunTime:0.000259s ]
INFO: Run Behavior\ParseTemplateBehavior [ RunTime:0.015329s ]
INFO: [ view_parse ] --END-- [ RunTime:0.015399s ]
INFO: [ view_filter ] --START--
INFO: Run Behavior\WriteHtmlCacheBehavior [ RunTime:0.000213s ]
INFO: [ view_filter ] --END-- [ RunTime:0.000243s ]
INFO: [ app_end ] --START--
INFO: Run Behavior\ShowPageTraceBehavior [ RunTime:0.000602s ]
INFO: [ app_end ] --END-- [ RunTime:0.000651s ]

[ 2019-11-21T18:07:20+08:00 ] 113.247.138.45 /wxshare/index.php/Share/show?roomnum=1044
INFO: [ app_init ] --START--
INFO: Run Behavior\BuildLiteBehavior [ RunTime:0.000030s ]
INFO: [ app_init ] --END-- [ RunTime:0.000139s ]
INFO: [ app_begin ] --START--
INFO: Run Behavior\ReadHtmlCacheBehavior [ RunTime:0.000849s ]
INFO: [ app_begin ] --END-- [ RunTime:0.000945s ]
NOTIC: [2048] Declaration of Home\Controller\ShareController::show() should be compatible with Think\Controller::show($content, $charset = '', $contentType = '', $prefix = '') /www/wwwroot/live.yishism.com/wxshare/Application/Home/Controller/ShareController.class.php 第 639 行.
SQL: SHOW COLUMNS FROM `cmf_users_live` [ RunTime:0.0032s ]
SQL: SHOW COLUMNS FROM `cmf_users` [ RunTime:0.0031s ]
SQL: SELECT `id`,`user_nicename`,`avatar`,`avatar_thumb`,`sex`,`signature`,`consumption`,`votestotal`,`province`,`city`,`birthday`,`issuper` FROM `cmf_users` WHERE ( id='1044' ) LIMIT 1   [ RunTime:0.0004s ]
NOTIC: [8] Undefined variable: level_a /www/wwwroot/live.yishism.com/wxshare/Application/Common/Common/function.php 第 214 行.
SQL: SHOW COLUMNS FROM `cmf_users_vip` [ RunTime:0.0045s ]
SQL: SELECT * FROM `cmf_users_vip` WHERE ( uid=1044 and endtime>1574330840 ) LIMIT 1   [ RunTime:0.0006s ]
SQL: SHOW COLUMNS FROM `cmf_liang` [ RunTime:0.0031s ]
SQL: SELECT * FROM `cmf_liang` WHERE ( uid=1044 and status=1 and state=1 ) LIMIT 1   [ RunTime:0.0006s ]
SQL: SELECT `uid`,`islive`,`stream`,`pull`,`isvideo`,`type`,`goodnum`,`wy_cid` FROM `cmf_users_live` WHERE ( uid='1044' and islive='1' ) LIMIT 1   [ RunTime:0.0004s ]
NOTIC: [8] Undefined variable: userinfo /www/wwwroot/live.yishism.com/wxshare/Application/Home/Controller/ShareController.class.php 第 96 行.
NOTIC: [8] Undefined variable: userinfo /www/wwwroot/live.yishism.com/wxshare/Application/Home/Controller/ShareController.class.php 第 97 行.
INFO: [ view_parse ] --START--
INFO: [ template_filter ] --START--
INFO: Run Behavior\ContentReplaceBehavior [ RunTime:0.000201s ]
INFO: [ template_filter ] --END-- [ RunTime:0.000302s ]
INFO: Run Behavior\ParseTemplateBehavior [ RunTime:0.017294s ]
INFO: [ view_parse ] --END-- [ RunTime:0.017444s ]
INFO: [ view_filter ] --START--
INFO: Run Behavior\WriteHtmlCacheBehavior [ RunTime:0.000262s ]
INFO: [ view_filter ] --END-- [ RunTime:0.002782s ]
INFO: [ app_end ] --START--
INFO: Run Behavior\ShowPageTraceBehavior [ RunTime:0.000829s ]
INFO: [ app_end ] --END-- [ RunTime:0.000894s ]

